
Initial statistics: 77 variables; iteration 0; function evaluation 0; phase 1
Function value 7.3442861e+02; maximum gradient component mag 5.1214e+02
Var    Value     Gradient |Var    Value     Gradient |Var    Value     Gradient
  1 -0.17453  7.15354e+00 |  2  0.00000 -4.46207e-01 |  3  0.00000  3.48232e+00
  4  0.00000  3.48297e+00 |  5  0.00000  3.48310e+00 |  6  0.00000  3.48324e+00
  7  0.00000  3.48303e+00 |  8  0.00000  3.48283e+00 |  9  0.00000  3.48329e+00
 10  0.00000  3.48393e+00 | 11  0.00000  3.48567e+00 | 12  0.00000  3.48667e+00
 13  0.00000  3.48985e+00 | 14  0.00000  3.49179e+00 | 15  0.00000  3.49999e+00
 16  0.00000  3.52232e+00 | 17  0.00000  3.57882e+00 | 18  0.00000  3.72201e+00
 19  0.00000  4.08684e+00 | 20  0.00000  5.02033e+00 | 21  0.00000  7.39873e+00
 22  0.00000  1.34691e+01 | 23  0.00000  2.90281e+01 | 24  0.00000  5.16285e+01
 25  0.00000  9.04916e+01 | 26  0.00000  1.22040e+02 | 27  0.00000  8.64936e+01
 28  0.00000 -3.74795e+02 | 29  0.00000  3.49139e+00 | 30  0.00000  3.50146e+00
 31  0.00000  3.55315e+00 | 32  0.00000  3.61126e+00 | 33  0.00000  3.77167e+00
 34  0.00000  4.19821e+00 | 35  0.00000  5.25630e+00 | 36  0.00000  7.96279e+00
 37  0.00000  1.49121e+01 | 38  0.00000  2.94002e+01 | 39  0.00000  6.43151e+01
 40  0.00000  1.48451e+02 | 41  0.00000  2.03055e+02 | 42  0.00000 -4.47697e+02
 43  0.00000 -1.12127e-01 | 44  0.00000 -5.76915e+00 | 45  0.00000 -2.75475e+01
 46  0.00000 -8.33660e+01 | 47  0.00000 -1.15618e+02 | 48  0.00000  5.12141e+02
 49  0.00000  3.48672e+01 | 50  0.00000 -2.83888e+02 | 51  0.00000  4.01982e+00
 52  0.00000  4.82772e+00 | 53  0.00000  6.88857e+00 | 54  0.00000  5.48837e+00
 55  0.00000 -5.70808e-01 | 56  0.00000  5.14984e+00 | 57  0.00000  2.19898e+02
 58  0.00000 -6.20752e+01 | 59  0.00000  2.17269e+02 | 60  0.00000 -1.17986e+02
 61  0.00000 -2.42661e+02 | 62  0.00000  4.77903e+00 | 63  0.00000  6.76437e+00
 64  0.00000  1.18485e+01 | 65  0.00000  2.48483e+01 | 66  0.00000  5.36190e+01
 67  0.00000  1.14131e+02 | 68  0.00000  1.54630e+02 | 69  0.00000 -3.51198e+02
 70  0.00000  1.31744e+01 | 71  0.00000  3.53190e+00 | 72  0.00000  3.54743e+00
 73  0.00000  3.58657e+00 | 74  0.00000  3.66103e+00 | 75  0.00000  3.79978e+00
 76  0.00000  3.97473e+00 | 77  0.00000  3.97603e+00 |

Intermediate statistics: 77 variables; iteration 20; function evaluation 49; phase 1
Function value 4.8421581e+02; maximum gradient component mag -1.9680e+02
Var    Value     Gradient |Var    Value     Gradient |Var    Value     Gradient
  1 -0.53761  3.48050e+01 |  2 -0.00221 -3.23773e+00 |  3 -0.00619 -5.18542e+00
  4 -0.00644 -5.26767e+00 |  5 -0.00744 -6.36517e+00 |  6 -0.00818 -7.14612e+00
  7 -0.00863 -7.59960e+00 |  8 -0.00894 -7.87272e+00 |  9 -0.00917 -7.95218e+00
 10 -0.00935 -7.95282e+00 | 11 -0.00956 -7.83496e+00 | 12 -0.00986 -7.95913e+00
 13 -0.01032 -8.07289e+00 | 14 -0.01104 -8.91931e+00 | 15 -0.01211 -1.00847e+01
 16 -0.01362 -1.17077e+01 | 17 -0.01554 -1.38426e+01 | 18 -0.01775 -1.63042e+01
 19 -0.02005 -1.86949e+01 | 20 -0.02218 -1.98593e+01 | 21 -0.02385 -1.92596e+01
 22 -0.02449 -1.65188e+01 | 23 -0.02615 -8.09789e+00 | 24 -0.02907 -3.90392e+00
 25 -0.03722 -1.10749e+01 | 26 -0.03275 -3.21722e+01 | 27 -0.04942  1.24968e+01
 28  0.12306  2.36312e+01 | 29 -0.01376 -8.10450e+00 | 30  0.00854  1.20918e+01
 31  0.00191  5.58447e+00 | 32 -0.00551 -2.38267e+00 | 33 -0.01098 -7.97400e+00
 34 -0.01633 -1.19532e+01 | 35 -0.02125 -1.68665e+01 | 36 -0.02317 -1.76202e+01
 37 -0.02491 -1.50172e+01 | 38 -0.02846 -1.46241e+01 | 39 -0.02865 -2.92649e+01
 40 -0.06036 -6.03116e+01 | 41 -0.12071 -7.38726e+00 | 42  0.18900  1.27059e+02
 43 -0.03695 -2.81548e+01 | 44  0.01236 -4.51436e+00 | 45  0.00035 -4.32146e+01
 46  0.03548 -8.61607e+01 | 47  0.00456 -1.96801e+02 | 48 -0.08911  6.62408e+01
 49 -0.00258  1.90243e+02 | 50  0.09707  5.69055e+01 | 51 -0.02282 -2.16700e+01
 52 -0.01248 -1.93419e+01 | 53 -0.02334 -3.91271e+01 | 54 -0.03257 -5.77051e+01
 55 -0.01973 -5.98384e+01 | 56 -0.00006 -7.44688e+01 | 57 -0.11087  4.59168e+01
 58  0.03776  2.60953e+01 | 59 -0.04027  7.73744e+01 | 60  0.00842  8.76406e+01
 61  0.11808 -1.05438e+01 | 62 -0.01709 -1.74058e+01 | 63  0.02698  4.21156e+01
 64  0.01772  3.62105e+01 | 65  0.00678  3.30396e+01 | 66 -0.00174  3.25940e+01
 67 -0.02083  2.87645e+01 | 68 -0.04948  3.12920e+01 | 69  0.09938  6.16119e+01
 70 -0.01018  2.12203e+01 | 71  0.00416  7.96279e+00 | 72 -0.00001  2.72697e+00
 73 -0.00341  1.42511e+00 | 74 -0.00472  2.05311e+00 | 75 -0.00549  1.95470e+00
 76 -0.00593  2.56158e+00 | 77 -0.00635  2.84432e+00 |
77 variables; iteration 40; function evaluation 83; phase 1
Function value 4.6839471e+02; maximum gradient component mag 1.4590e+02
Var    Value     Gradient |Var    Value     Gradient |Var    Value     Gradient
  1 -0.55859 -3.60197e+01 |  2 -0.00085 -1.57020e+00 |  3 -0.00465 -3.22983e+00
  4 -0.00484 -3.29095e+00 |  5 -0.00551 -3.93075e+00 |  6 -0.00618 -4.64717e+00
  7 -0.00673 -5.30206e+00 |  8 -0.00721 -5.90778e+00 |  9 -0.00767 -6.43037e+00
 10 -0.00798 -6.78387e+00 | 11 -0.00821 -6.89528e+00 | 12 -0.00802 -6.56331e+00
 13 -0.00784 -6.01496e+00 | 14 -0.00709 -5.10720e+00 | 15 -0.00626 -3.79261e+00
 16 -0.00533 -2.01905e+00 | 17 -0.00462 -2.90937e-01 | 18 -0.00452  7.51620e-01
 19 -0.00559  2.69974e-01 | 20 -0.00847 -2.06692e+00 | 21 -0.01215 -4.75154e+00
 22 -0.01469 -5.14882e+00 | 23 -0.01853 -4.22979e-01 | 24 -0.02144  2.49603e+00
 25 -0.03326 -1.48092e+01 | 26 -0.03518 -4.85977e+01 | 27 -0.04152  4.02502e+01
 28  0.12609  3.24220e+01 | 29 -0.00906 -2.57303e+00 | 30  0.00474  3.84581e+00
 31  0.00362  5.45536e+00 | 32  0.00011  3.38629e+00 | 33 -0.00202  3.15281e+00
 34 -0.00351  5.85467e+00 | 35 -0.00498  5.47092e+00 | 36 -0.01068 -3.74420e+00
 37 -0.01983 -1.58742e+01 | 38 -0.02223 -1.82012e+01 | 39 -0.02417 -4.39937e+01
 40 -0.05964 -7.32282e+01 | 41 -0.10097  8.32855e+01 | 42  0.16673  7.24470e+01
 43 -0.01653  4.76169e+00 | 44 -0.00248 -1.86300e+01 | 45  0.02379  3.42817e+00
 46 -0.01517 -7.26486e+01 | 47  0.07077 -7.48961e+01 | 48 -0.14000 -9.47214e+01
 49 -0.00218  1.45896e+02 | 50  0.09844  6.82610e+01 | 51 -0.00607  6.76292e-01
 52 -0.00559 -1.24437e+01 | 53 -0.00935 -2.25968e+01 | 54 -0.00646 -3.17834e+01
 55 -0.03155 -8.57406e+01 | 56  0.01865 -9.38104e+01 | 57 -0.11679  3.31691e+01
 58  0.04628  4.77506e+01 | 59 -0.09671 -5.56373e+01 | 60 -0.00245  9.58543e+01
 61  0.11917  4.19814e+01 | 62 -0.01074  5.17110e-02 | 63  0.00788  1.77573e+01
 64  0.00503  2.10543e+01 | 65 -0.01004  1.05317e+01 | 66 -0.02857 -8.47558e+00
 67 -0.04217 -9.22423e+00 | 68 -0.06259  3.43956e+01 | 69  0.09003  1.16077e+02
 70 -0.03956 -7.22277e+00 | 71 -0.00610 -3.85348e+00 | 72 -0.00600 -7.86870e-01
 73 -0.00833  1.25985e+00 | 74 -0.00945  1.83756e+00 | 75 -0.01008  7.52619e-01
 76 -0.01042  6.16533e-01 | 77 -0.01293 -2.39871e+00 |
Maximum number of function evaluations exceeded

 - final statistics:
77 variables; iteration 49; function evaluation 100
Function value 4.6425e+02; maximum gradient component mag 1.2858e+02
Exit code = 3;  converg criter 1.0000e+01
Var    Value     Gradient |Var    Value     Gradient |Var    Value     Gradient
  1 -0.56139  1.06592e+02 |  2 -0.00027 -8.21970e-01 |  3  0.00669  1.41001e+01
  4 -0.00469 -3.25506e+00 |  5 -0.00421 -2.66856e+00 |  6 -0.00357 -1.10977e+00
  7 -0.00596 -4.38939e+00 |  8 -0.00778 -7.10260e+00 |  9 -0.00876 -8.39702e+00
 10 -0.00882 -8.28118e+00 | 11 -0.00891 -8.20766e+00 | 12 -0.00873 -8.02704e+00
 13 -0.00802 -6.63873e+00 | 14 -0.00508 -2.23648e+00 | 15 -0.00303  1.08007e+00
 16 -0.00246  2.23154e+00 | 17 -0.00213  2.93644e+00 | 18 -0.00436 -1.13740e-01
 19 -0.00649 -2.24974e+00 | 20 -0.00618  1.04459e+00 | 21 -0.00637  4.42109e+00
 22 -0.01172 -6.20554e-01 | 23 -0.01993 -3.35177e+00 | 24 -0.02140  2.76289e+00
 25 -0.02843 -5.37032e+00 | 26 -0.03713 -5.06991e+01 | 27 -0.04255  3.50954e+01
 28  0.12533  2.94810e+01 | 29 -0.00850 -2.62052e+00 | 30  0.00387  1.36579e+00
 31  0.01261  1.75685e+01 | 32  0.00107  3.91547e+00 | 33  0.01051  2.18314e+01
 34  0.00832  2.33276e+01 | 35 -0.00486  4.16570e+00 | 36 -0.00615  1.98173e+00
 37 -0.01697 -1.13960e+01 | 38 -0.02216 -1.49714e+01 | 39 -0.02122 -3.01312e+01
 40 -0.05565 -5.34270e+01 | 41 -0.10592  7.67310e+01 | 42  0.15982  5.48794e+01
 43 -0.01806  2.60539e+00 | 44 -0.01162 -3.08195e+01 | 45  0.02743  1.14594e+01
 46 -0.01192 -6.28424e+01 | 47  0.07122 -5.97757e+01 | 48 -0.14662 -1.09688e+02
 49 -0.00793  1.28585e+02 | 50  0.09133  5.54624e+01 | 51 -0.00786 -1.72026e+00
 52  0.00082 -2.92060e+00 | 53 -0.01298 -2.64211e+01 | 54  0.00206 -1.64316e+01
 55 -0.02320 -6.77622e+01 | 56  0.02243 -7.15184e+01 | 57 -0.11754  2.72320e+01
 58  0.04668  4.72738e+01 | 59 -0.09922 -6.00026e+01 | 60 -0.00686  8.60591e+01
 61  0.11586  4.23426e+01 | 62 -0.00283  1.64869e+01 | 63  0.01275  3.42907e+01
 64  0.01554  5.25210e+01 | 65 -0.02243  9.18149e+00 | 66 -0.02755  1.67990e+00
 67 -0.04501 -6.69486e+00 | 68 -0.07192  2.44677e+01 | 69  0.07578  1.02472e+02
 70 -0.04540 -8.69140e+00 | 71 -0.01086 -7.75569e+00 | 72 -0.00952 -1.51101e+00
 73 -0.00814  6.05831e+00 | 74 -0.01447 -3.09353e+00 | 75 -0.01701 -8.79581e+00
 76 -0.01389 -2.83903e+00 | 77 -0.01093  3.30999e+00 |

Initial statistics: 77 variables; iteration 0; function evaluation 0; phase 2
Function value 4.6424642e+02; maximum gradient component mag 1.2858e+02
Var    Value     Gradient |Var    Value     Gradient |Var    Value     Gradient
  1 -0.56139  1.06592e+02 |  2 -0.00027 -8.21970e-01 |  3  0.00669  1.41001e+01
  4 -0.00469 -3.25506e+00 |  5 -0.00421 -2.66856e+00 |  6 -0.00357 -1.10977e+00
  7 -0.00596 -4.38939e+00 |  8 -0.00778 -7.10260e+00 |  9 -0.00876 -8.39702e+00
 10 -0.00882 -8.28118e+00 | 11 -0.00891 -8.20766e+00 | 12 -0.00873 -8.02704e+00
 13 -0.00802 -6.63873e+00 | 14 -0.00508 -2.23648e+00 | 15 -0.00303  1.08007e+00
 16 -0.00246  2.23154e+00 | 17 -0.00213  2.93644e+00 | 18 -0.00436 -1.13740e-01
 19 -0.00649 -2.24974e+00 | 20 -0.00618  1.04459e+00 | 21 -0.00637  4.42109e+00
 22 -0.01172 -6.20554e-01 | 23 -0.01993 -3.35177e+00 | 24 -0.02140  2.76289e+00
 25 -0.02843 -5.37032e+00 | 26 -0.03713 -5.06991e+01 | 27 -0.04255  3.50954e+01
 28  0.12533  2.94810e+01 | 29 -0.00850 -2.62052e+00 | 30  0.00387  1.36579e+00
 31  0.01261  1.75685e+01 | 32  0.00107  3.91547e+00 | 33  0.01051  2.18314e+01
 34  0.00832  2.33276e+01 | 35 -0.00486  4.16570e+00 | 36 -0.00615  1.98173e+00
 37 -0.01697 -1.13960e+01 | 38 -0.02216 -1.49714e+01 | 39 -0.02122 -3.01312e+01
 40 -0.05565 -5.34270e+01 | 41 -0.10592  7.67310e+01 | 42  0.15982  5.48794e+01
 43 -0.01806  2.60539e+00 | 44 -0.01162 -3.08195e+01 | 45  0.02743  1.14594e+01
 46 -0.01192 -6.28424e+01 | 47  0.07122 -5.97757e+01 | 48 -0.14662 -1.09688e+02
 49 -0.00793  1.28585e+02 | 50  0.09133  5.54624e+01 | 51 -0.00786 -1.72026e+00
 52  0.00082 -2.92060e+00 | 53 -0.01298 -2.64211e+01 | 54  0.00206 -1.64316e+01
 55 -0.02320 -6.77622e+01 | 56  0.02243 -7.15184e+01 | 57 -0.11754  2.72320e+01
 58  0.04668  4.72738e+01 | 59 -0.09922 -6.00026e+01 | 60 -0.00686  8.60591e+01
 61  0.11586  4.23426e+01 | 62 -0.00283  1.64869e+01 | 63  0.01275  3.42907e+01
 64  0.01554  5.25210e+01 | 65 -0.02243  9.18149e+00 | 66 -0.02755  1.67990e+00
 67 -0.04501 -6.69486e+00 | 68 -0.07192  2.44677e+01 | 69  0.07578  1.02472e+02
 70 -0.04540 -8.69140e+00 | 71 -0.01086 -7.75569e+00 | 72 -0.00952 -1.51101e+00
 73 -0.00814  6.05831e+00 | 74 -0.01447 -3.09353e+00 | 75 -0.01701 -8.79581e+00
 76 -0.01389 -2.83903e+00 | 77 -0.01093  3.30999e+00 |

Intermediate statistics: 77 variables; iteration 20; function evaluation 33; phase 2
Function value 4.4511545e+02; maximum gradient component mag 5.0291e+02
Var    Value     Gradient |Var    Value     Gradient |Var    Value     Gradient
  1 -0.57530  5.02905e+02 |  2 -0.00017 -9.73684e-01 |  3 -0.00017  3.21526e+00
  4 -0.00362 -1.89101e+00 |  5 -0.00299 -7.60538e-01 |  6 -0.00349 -1.22639e+00
  7 -0.00466 -2.88429e+00 |  8 -0.00523 -3.68781e+00 |  9 -0.00569 -4.21402e+00
 10 -0.00593 -4.40599e+00 | 11 -0.00605 -4.27343e+00 | 12 -0.00583 -3.83419e+00
 13 -0.00571 -3.24913e+00 | 14 -0.00484 -2.09960e+00 | 15 -0.00435 -1.28086e+00
 16 -0.00427 -8.14749e-01 | 17 -0.00401  1.34341e-01 | 18 -0.00449  2.58832e-01
 19 -0.00556 -1.89188e-02 | 20 -0.00721  1.74302e-01 | 21 -0.00927  8.18655e-01
 22 -0.01179  7.97020e-01 | 23 -0.01828  2.03051e+00 | 24 -0.02493  2.39726e+00
 25 -0.03263  2.09062e+00 | 26 -0.02150  2.69347e-02 | 27 -0.05399 -3.07734e-01
 28  0.11881  6.09170e+00 | 29 -0.00762  4.23985e-01 | 30  0.00188  1.40977e+00
 31  0.00217  6.14975e+00 | 32 -0.00548 -1.83865e+00 | 33 -0.00682 -7.10611e-01
 34 -0.01147 -1.73020e+00 | 35 -0.01548 -4.05261e+00 | 36 -0.01410  2.13216e+00
 37 -0.02014  1.25352e+00 | 38 -0.03535 -9.35794e+00 | 39 -0.03078 -5.76130e+00
 40 -0.04747 -5.10690e+00 | 41 -0.15227  2.39252e+01 | 42  0.10729 -7.02033e+00
 43 -0.02745 -2.46583e+00 | 44  0.00133 -1.19732e+01 | 45  0.01400 -5.31961e+00
 46  0.01960 -2.69888e+01 | 47  0.06465 -4.04813e+01 | 48 -0.12462 -3.38436e+01
 49 -0.03422  5.72948e+01 | 50  0.06037 -9.09182e+00 | 51 -0.00822 -3.51373e+00
 52  0.00262 -1.65367e+00 | 53 -0.00296 -1.22375e+01 | 54  0.00595 -3.25128e+00
 55  0.00842 -1.49329e+01 | 56  0.03147 -2.97484e+01 | 57 -0.12408  9.66368e+00
 58  0.03394  1.44883e+01 | 59 -0.08160 -1.74910e+01 | 60 -0.02642  5.72874e+01
 61  0.09865  2.70060e+01 | 62 -0.00170  2.60052e+01 | 63  0.02250  7.13636e+01
 64  0.03371  1.38029e+02 | 65  0.00977  1.48188e+02 | 66 -0.03772  8.58645e+00
 67 -0.05495 -1.19817e+01 | 68 -0.09142 -3.64920e-02 | 69  0.02348  3.30206e+01
 70 -0.06708 -6.68621e+00 | 71 -0.01989 -8.34604e+00 | 72 -0.01959 -9.74244e-01
 73 -0.01990  2.30423e+00 | 74 -0.01933  1.26767e+00 | 75 -0.01664  1.42059e+00
 76 -0.01667  8.74202e-01 | 77 -0.01542  2.39053e+00 |
77 variables; iteration 40; function evaluation 64; phase 2
Function value 4.4281232e+02; maximum gradient component mag 2.8138e+02
Var    Value     Gradient |Var    Value     Gradient |Var    Value     Gradient
  1 -0.57947  2.81382e+02 |  2  0.00087  3.03872e-01 |  3 -0.00136  1.03413e+00
  4 -0.00179  4.27925e-01 |  5 -0.00170  6.90209e-01 |  6 -0.00172  8.15315e-01
  7 -0.00183  6.94867e-01 |  8 -0.00183  7.02221e-01 |  9 -0.00188  7.45950e-01
 10 -0.00196  7.56844e-01 | 11 -0.00213  8.02176e-01 | 12 -0.00218  8.40399e-01
 13 -0.00241  9.24625e-01 | 14 -0.00225  1.06989e+00 | 15 -0.00226  1.26704e+00
 16 -0.00249  1.40295e+00 | 17 -0.00298  1.37430e+00 | 18 -0.00399  8.12965e-01
 19 -0.00557 -1.71332e-01 | 20 -0.00787 -8.94212e-01 | 21 -0.01035 -6.72626e-01
 22 -0.01212  8.64053e-01 | 23 -0.01767  4.29942e+00 | 24 -0.02432  4.98854e+00
 25 -0.03554 -1.70925e+00 | 26 -0.02450 -3.40852e+00 | 27 -0.05700 -2.22324e+00
 28  0.11426 -2.26974e+00 | 29 -0.00853 -3.39992e-01 | 30  0.00083  5.68213e-02
 31 -0.00136  1.10652e+00 | 32 -0.00447 -1.68249e-01 | 33 -0.00677 -8.28521e-01
 34 -0.01144 -2.22673e+00 | 35 -0.01325 -2.21529e+00 | 36 -0.01311  1.16403e+00
 37 -0.02009  1.28821e+00 | 38 -0.03157 -1.40164e+00 | 39 -0.03059 -2.06898e-02
 40 -0.04342  2.31196e+00 | 41 -0.16076  3.71671e+00 | 42  0.10353 -1.65878e+00
 43 -0.02676 -5.90963e-01 | 44  0.00845 -1.82773e+00 | 45  0.01334 -2.19162e+00
 46  0.03362 -2.98115e+00 | 47  0.06740 -9.18451e+00 | 48 -0.11349 -5.78326e+00
 49 -0.04119  1.05638e+01 | 50  0.06138 -4.17173e+00 | 51 -0.00586 -1.25226e+00
 52  0.00497  9.81276e-01 | 53  0.00236 -3.79702e+00 | 54  0.00678  1.48331e+00
 55  0.01068 -2.78484e+00 | 56  0.03777 -3.14551e+00 | 57 -0.12977 -2.80917e+00
 58  0.02866  6.24488e+00 | 59 -0.07699 -3.10516e+00 | 60 -0.04266  1.51716e+01
 61  0.09353  1.81518e+01 | 62 -0.00354  1.11600e+01 | 63  0.01783  3.20228e+01
 64  0.03033  7.02187e+01 | 65  0.02768  8.73758e+01 | 66 -0.03329  1.08230e+01
 67 -0.04920  1.15907e+00 | 68 -0.08865  2.33178e+00 | 69  0.01497  6.21586e+00
 70 -0.06650 -2.66922e-01 | 71 -0.01943 -4.67029e+00 | 72 -0.02194 -3.85411e+00
 73 -0.02355 -2.94315e+00 | 74 -0.01965  1.97377e+00 | 75 -0.01711  2.40825e+00
 76 -0.01851  7.79331e-02 | 77 -0.01918 -1.59300e+00 |
77 variables; iteration 60; function evaluation 99; phase 2
Function value 4.4227664e+02; maximum gradient component mag 5.3581e+02
Var    Value     Gradient |Var    Value     Gradient |Var    Value     Gradient
  1 -0.57996  5.35807e+02 |  2  0.00026 -6.03549e-01 |  3 -0.00433 -3.47101e+00
  4 -0.00171  6.70349e-01 |  5 -0.00232  7.96666e-02 |  6 -0.00204  6.19925e-01
  7 -0.00275 -3.82770e-01 |  8 -0.00209  7.33048e-01 |  9 -0.00241  4.23664e-01
 10 -0.00371 -1.42564e+00 | 11 -0.00410 -1.70759e+00 | 12 -0.00447 -2.10710e+00
 13 -0.00518 -2.72170e+00 | 14 -0.00502 -2.56687e+00 | 15 -0.00482 -2.05130e+00
 16 -0.00480 -1.61067e+00 | 17 -0.00521 -1.60967e+00 | 18 -0.00553 -1.08319e+00
 19 -0.00589  1.71175e-02 | 20 -0.00728  9.32200e-01 | 21 -0.00990  8.85798e-01
 22 -0.01296 -3.06144e-01 | 23 -0.02182 -3.57307e+00 | 24 -0.03008 -6.33064e+00
 25 -0.03529 -1.38122e+00 | 26 -0.02000  6.09965e+00 | 27 -0.05612  6.27877e-02
 28  0.11624  1.18592e+00 | 29 -0.00736  1.14194e+00 | 30  0.00123  1.99169e-01
 31 -0.00284 -1.89516e+00 | 32 -0.00405 -3.29837e-01 | 33 -0.00658 -7.29500e-01
 34 -0.00852  2.82576e+00 | 35 -0.00912  4.53335e+00 | 36 -0.01511 -3.03132e+00
 37 -0.02230 -3.26633e+00 | 38 -0.02912  2.56788e+00 | 39 -0.03110 -8.42723e-01
 40 -0.04400 -1.78682e+00 | 41 -0.16385 -4.24730e+00 | 42  0.10245  2.22245e+00
 43 -0.02668  1.49961e-01 | 44  0.00905 -4.38535e-01 | 45  0.01715  4.43410e+00
 46  0.03564  3.06280e+00 | 47  0.06914  2.67443e+00 | 48 -0.10830  7.25668e+00
 49 -0.04324 -9.53170e+00 | 50  0.06462  4.54581e+00 | 51 -0.00438  4.25911e-01
 52  0.00257 -2.22323e+00 | 53  0.00976  6.63399e+00 | 54  0.00244 -2.54270e+00
 55  0.01501  5.10422e+00 | 56  0.03635  6.22501e+00 | 57 -0.12887  3.37988e+00
 58  0.02202 -4.38377e+00 | 59 -0.07458  9.50320e+00 | 60 -0.05483 -1.04822e+01
 61  0.08639  2.10077e+01 | 62 -0.00101  2.42259e+01 | 63  0.01642  5.30139e+01
 64  0.02461  1.11246e+02 | 65  0.02969  1.86696e+02 | 66 -0.03213  2.47630e+01
 67 -0.05308 -5.32775e+00 | 68 -0.09126 -5.69047e+00 | 69  0.00820 -1.42138e+01
 70 -0.06918  1.19016e+00 | 71 -0.01532  4.16354e+00 | 72 -0.01786  6.78911e+00
 73 -0.02126  1.59871e+00 | 74 -0.01938  5.98492e-01 | 75 -0.01886 -2.24805e+00
 76 -0.01670  2.08285e+00 | 77 -0.01766  8.90322e-01 |
Maximum number of function evaluations exceeded

 - final statistics:
77 variables; iteration 62; function evaluation 100
Function value 4.4227e+02; maximum gradient component mag 5.1914e+02
Exit code = 3;  converg criter 1.0000e+01
Var    Value     Gradient |Var    Value     Gradient |Var    Value     Gradient
  1 -0.57996  5.19138e+02 |  2  0.00015 -7.66025e-01 |  3 -0.00420 -3.26240e+00
  4 -0.00172  6.67547e-01 |  5 -0.00243 -1.05480e-01 |  6 -0.00212  4.71973e-01
  7 -0.00276 -4.09090e-01 |  8 -0.00202  8.32219e-01 |  9 -0.00230  6.00892e-01
 10 -0.00358 -1.22101e+00 | 11 -0.00392 -1.42445e+00 | 12 -0.00442 -2.03559e+00
 13 -0.00531 -2.92564e+00 | 14 -0.00513 -2.73562e+00 | 15 -0.00490 -2.17687e+00
 16 -0.00491 -1.76132e+00 | 17 -0.00525 -1.64695e+00 | 18 -0.00554 -1.09107e+00
 19 -0.00598 -1.31608e-01 | 20 -0.00738  7.77482e-01 | 21 -0.00988  9.24002e-01
 22 -0.01286 -1.22321e-01 | 23 -0.02174 -3.44872e+00 | 24 -0.03017 -6.50156e+00
 25 -0.03522 -1.26948e+00 | 26 -0.01998  6.11942e+00 | 27 -0.05609  1.11854e-01
 28  0.11627  1.23361e+00 | 29 -0.00734  1.16326e+00 | 30  0.00099 -1.81581e-01
 31 -0.00282 -1.87687e+00 | 32 -0.00404 -3.10306e-01 | 33 -0.00653 -6.43279e-01
 34 -0.00849  2.88182e+00 | 35 -0.00913  4.52550e+00 | 36 -0.01506 -2.94661e+00
 37 -0.02229 -3.23755e+00 | 38 -0.02910  2.59255e+00 | 39 -0.03111 -8.78384e-01
 40 -0.04401 -1.81533e+00 | 41 -0.16387 -4.30100e+00 | 42  0.10244  2.22773e+00
 43 -0.02661  2.63468e-01 | 44  0.00897 -5.58755e-01 | 45  0.01709  4.34559e+00
 46  0.03566  3.09259e+00 | 47  0.06915  2.75379e+00 | 48 -0.10830  7.29544e+00
 49 -0.04326 -9.63944e+00 | 50  0.06461  4.55647e+00 | 51 -0.00435  4.86047e-01
 52  0.00257 -2.21399e+00 | 53  0.00973  6.56752e+00 | 54  0.00231 -2.74271e+00
 55  0.01506  5.19773e+00 | 56  0.03636  6.31732e+00 | 57 -0.12886  3.41054e+00
 58  0.02202 -4.44931e+00 | 59 -0.07457  9.49088e+00 | 60 -0.05486 -1.06854e+01
 61  0.08639  2.04246e+01 | 62 -0.00091  2.37741e+01 | 63  0.01646  5.15467e+01
 64  0.02455  1.07731e+02 | 65  0.02967  1.79930e+02 | 66 -0.03218  2.40782e+01
 67 -0.05305 -5.27405e+00 | 68 -0.09129 -5.74637e+00 | 69  0.00817 -1.43056e+01
 70 -0.06919  1.19595e+00 | 71 -0.01530  4.20660e+00 | 72 -0.01782  6.87935e+00
 73 -0.02126  1.61108e+00 | 74 -0.01936  6.31225e-01 | 75 -0.01887 -2.26272e+00
 76 -0.01670  2.07287e+00 | 77 -0.01766  8.83155e-01 |

Initial statistics: 79 variables; iteration 0; function evaluation 0; phase 3
Function value 4.4227387e+02; maximum gradient component mag -7.0829e+03
Var    Value     Gradient |Var    Value     Gradient |Var    Value     Gradient
  1 -0.57996  5.19138e+02 |  2  0.00015 -7.66025e-01 |  3 -0.00420 -3.26240e+00
  4 -0.00172  6.67547e-01 |  5 -0.00243 -1.05480e-01 |  6 -0.00212  4.71973e-01
  7 -0.00276 -4.09090e-01 |  8 -0.00202  8.32219e-01 |  9 -0.00230  6.00892e-01
 10 -0.00358 -1.22101e+00 | 11 -0.00392 -1.42445e+00 | 12 -0.00442 -2.03559e+00
 13 -0.00531 -2.92564e+00 | 14 -0.00513 -2.73562e+00 | 15 -0.00490 -2.17687e+00
 16 -0.00491 -1.76132e+00 | 17 -0.00525 -1.64695e+00 | 18 -0.00554 -1.09107e+00
 19 -0.00598 -1.31608e-01 | 20 -0.00738  7.77482e-01 | 21 -0.00988  9.24002e-01
 22 -0.01286 -1.22321e-01 | 23 -0.02174 -3.44872e+00 | 24 -0.03017 -6.50156e+00
 25 -0.03522 -1.26948e+00 | 26 -0.01998  6.11942e+00 | 27 -0.05609  1.11854e-01
 28  0.11627  1.23361e+00 | 29 -0.00734  1.16326e+00 | 30  0.00099 -1.81581e-01
 31 -0.00282 -1.87687e+00 | 32 -0.00404 -3.10306e-01 | 33 -0.00653 -6.43279e-01
 34 -0.00849  2.88182e+00 | 35 -0.00913  4.52550e+00 | 36 -0.01506 -2.94661e+00
 37 -0.02229 -3.23755e+00 | 38 -0.02910  2.59255e+00 | 39 -0.03111 -8.78384e-01
 40 -0.04401 -1.81533e+00 | 41 -0.16387 -4.30100e+00 | 42  0.10244  2.22773e+00
 43 -0.02661  2.63468e-01 | 44  0.00897 -5.58755e-01 | 45  0.01709  4.34559e+00
 46  0.03566  3.09259e+00 | 47  0.06915  2.75379e+00 | 48 -0.10830  7.29544e+00
 49 -0.04326 -9.63944e+00 | 50  0.06461  4.55647e+00 | 51 -0.00435  4.86047e-01
 52  0.00257 -2.21399e+00 | 53  0.00973  6.56752e+00 | 54  0.00231 -2.74271e+00
 55  0.01506  5.19773e+00 | 56  0.03636  6.31732e+00 | 57 -0.12886  3.41054e+00
 58  0.02202 -4.44931e+00 | 59 -0.07457  9.49088e+00 | 60 -0.05486 -1.06854e+01
 61  0.08639  2.04246e+01 | 62 -0.00091  2.37741e+01 | 63  0.01646  5.15467e+01
 64  0.02455  1.07731e+02 | 65  0.02967  1.79930e+02 | 66 -0.03218  2.40782e+01
 67 -0.05305 -5.27405e+00 | 68 -0.09129 -5.74637e+00 | 69  0.00817 -1.43056e+01
 70 -0.06919  1.19595e+00 | 71 -0.01530  4.20660e+00 | 72 -0.01782  6.87935e+00
 73 -0.02126  1.61108e+00 | 74 -0.01936  6.31225e-01 | 75 -0.01887 -2.26272e+00
 76 -0.01670  2.07287e+00 | 77 -0.01766  8.83155e-01 | 78  0.33333  3.41437e+03
 79 -0.04138 -7.08286e+03 |

Intermediate statistics: 79 variables; iteration 20; function evaluation 36; phase 3
Function value 2.0218502e+02; maximum gradient component mag -1.6653e+03
Var    Value     Gradient |Var    Value     Gradient |Var    Value     Gradient
  1 -0.56196 -1.91058e+02 |  2  0.00052 -5.29806e-03 |  3 -0.00221 -6.60289e-02
  4 -0.00223 -3.60633e-02 |  5 -0.00245 -2.05492e-01 |  6 -0.00249 -1.03313e-01
  7 -0.00255 -1.17501e-01 |  8 -0.00255 -8.79368e-02 |  9 -0.00262 -7.29467e-02
 10 -0.00270 -7.04154e-02 | 11 -0.00285 -2.16856e-02 | 12 -0.00294 -4.14851e-02
 13 -0.00317 -1.67085e-02 | 14 -0.00311 -6.95342e-03 | 15 -0.00325 -7.72674e-02
 16 -0.00359 -2.77753e-01 | 17 -0.00411 -5.86049e-01 | 18 -0.00477 -9.10502e-01
 19 -0.00560 -1.12084e+00 | 20 -0.00682 -8.05533e-01 | 21 -0.00805  3.65293e-01
 22 -0.00882  2.34057e+00 | 23 -0.01353  4.71227e+00 | 24 -0.01802  6.17982e+00
 25 -0.02316  7.27944e+00 | 26 -0.02318 -1.09863e+01 | 27 -0.00707  3.39712e+00
 28  0.05111 -1.08663e+01 | 29 -0.00210  4.81461e+00 | 30 -0.00119  8.18166e-01
 31 -0.00561 -1.55598e+00 | 32 -0.00669 -1.90979e+00 | 33 -0.00788 -2.32614e+00
 34 -0.01125 -3.15510e+00 | 35 -0.01208 -2.17568e+00 | 36 -0.00902  4.82715e+00
 37 -0.01130  6.57783e+00 | 38 -0.02486 -8.14465e+00 | 39 -0.02475 -2.44050e+01
 40 -0.06128 -6.34707e+01 | 41 -0.12156 -5.40101e+00 | 42  0.10015  2.73795e+01
 43 -0.01361  1.15139e+01 | 44  0.01008  3.45976e+00 | 45  0.01465 -2.68984e-01
 46  0.02430 -1.61492e+01 | 47  0.06352 -2.98327e+01 | 48 -0.08030  2.49254e+01
 49 -0.04151 -5.81247e+01 | 50 -0.00817  7.51597e+00 | 51 -0.00432 -2.27809e+00
 52 -0.00058  1.78781e+00 | 53  0.00246  6.22795e-01 | 54 -0.00026 -1.06101e+01
 55  0.00896 -1.27294e+01 | 56  0.03986 -2.33200e+01 | 57 -0.07271  2.60773e+01
 58 -0.00298  5.98697e+00 | 59 -0.08235 -2.84833e+01 | 60 -0.00501 -3.99497e+01
 61  0.00638 -1.85596e+00 | 62 -0.00153 -1.47620e+00 | 63 -0.00844 -2.51049e+01
 64 -0.00021 -2.64703e+01 | 65  0.00555 -4.92085e+01 | 66 -0.04859 -1.06029e+01
 67 -0.04853  3.45819e+01 | 68 -0.10508 -9.39875e-01 | 69  0.02238 -3.35441e+01
 70 -0.12521 -4.82766e+01 | 71 -0.01030  8.93667e+00 | 72 -0.01824  1.24105e+01
 73 -0.02213  2.80174e+00 | 74 -0.02376 -4.27863e+00 | 75 -0.01666  1.30231e+00
 76 -0.02506 -1.32135e+01 | 77 -0.02086 -7.75304e+00 | 78  0.43187  5.10101e+02
 79  0.04541 -1.66528e+03 |
79 variables; iteration 40; function evaluation 69; phase 3
Function value 1.8543495e+02; maximum gradient component mag 6.5707e+02
Var    Value     Gradient |Var    Value     Gradient |Var    Value     Gradient
  1 -0.55793  6.57073e+02 |  2  0.00024 -4.49676e-01 |  3 -0.00243 -4.30688e-01
  4 -0.00213  1.32693e-01 |  5 -0.00198  5.65901e-01 |  6 -0.00222  3.96393e-01
  7 -0.00228  3.81182e-01 |  8 -0.00237  3.06453e-01 |  9 -0.00282 -2.85383e-01
 10 -0.00341 -1.11707e+00 | 11 -0.00383 -1.54061e+00 | 12 -0.00382 -1.44601e+00
 13 -0.00382 -1.11338e+00 | 14 -0.00327 -3.75412e-01 | 15 -0.00270  6.49252e-01
 16 -0.00232  1.57497e+00 | 17 -0.00239  1.95462e+00 | 18 -0.00308  1.57037e+00
 19 -0.00422  8.17320e-01 | 20 -0.00602  1.31524e-02 | 21 -0.00818 -8.99351e-01
 22 -0.01043 -2.46596e+00 | 23 -0.01551 -3.46123e+00 | 24 -0.01988 -5.29386e+00
 25 -0.02361 -5.13388e+00 | 26 -0.00860  1.76818e-01 | 27  0.01337  1.54132e+01
 28  0.01857 -1.06596e+01 | 29 -0.00483 -2.07781e+00 | 30  0.00025  4.42530e+00
 31 -0.00404  3.11124e+00 | 32 -0.00757 -2.11721e+00 | 33 -0.00906 -3.50600e+00
 34 -0.01125 -2.25938e+00 | 35 -0.01030  9.52549e-01 | 36 -0.01327 -3.40689e+00
 37 -0.01961 -9.01289e+00 | 38 -0.02316 -4.39887e+00 | 39 -0.02092 -7.46319e-01
 40 -0.03411  7.53508e-02 | 41 -0.09842  7.91125e+00 | 42  0.08559 -4.19322e+00
 43 -0.01316  5.97994e-01 | 44  0.01340  6.63493e+00 | 45  0.01310  1.24289e+00
 46  0.04568  2.18537e+01 | 47  0.09295  3.04675e+00 | 48 -0.06700  1.60424e+00
 49 -0.01784  1.38358e+01 | 50 -0.03264 -1.36760e+01 | 51  0.00885  1.08078e+01
 52  0.00236  3.61818e+00 | 53  0.00421  1.07096e+00 | 54  0.00732 -1.41156e+00
 55  0.01455 -2.61718e+00 | 56  0.05507 -9.26935e+00 | 57 -0.05656  4.57962e+00
 58 -0.01646 -9.87949e+00 | 59 -0.06006 -9.02705e+00 | 60  0.04556  3.78964e+01
 61 -0.01822  2.16836e+01 | 62 -0.00580  3.32830e+01 | 63 -0.00707  6.50150e+01
 64 -0.01003  1.24738e+02 | 65 -0.00361  2.34014e+02 | 66 -0.05020  3.62964e+01
 67 -0.05116 -6.01419e+00 | 68 -0.10358 -1.77595e+01 | 69  0.05861  5.81713e+00
 70 -0.10498  7.24860e+00 | 71 -0.00594  8.42632e+00 | 72 -0.01902 -4.45587e+00
 73 -0.02350 -1.03130e+01 | 74 -0.01984 -6.28509e+00 | 75 -0.01889 -5.81507e+00
 76 -0.01326  2.96903e+00 | 77 -0.01253  4.08538e+00 | 78  0.45698  8.89669e+01
 79  0.06932 -1.16684e+02 |
79 variables; iteration 60; function evaluation 106; phase 3
Function value 1.8365171e+02; maximum gradient component mag -1.6685e+02
Var    Value     Gradient |Var    Value     Gradient |Var    Value     Gradient
  1 -0.55428  5.77650e+00 |  2 -0.00332 -5.71988e+00 |  3 -0.00067  2.41523e+00
  4 -0.00394 -2.42244e+00 |  5 -0.00382 -2.15215e+00 |  6 -0.00197  9.05679e-01
  7 -0.00257  4.09010e-02 |  8 -0.00321 -1.03073e+00 |  9 -0.00274 -2.38175e-01
 10 -0.00224  6.29112e-01 | 11 -0.00282 -7.76561e-02 | 12 -0.00300 -3.29241e-01
 13 -0.00250  8.21335e-01 | 14 -0.00195  1.62181e+00 | 15 -0.00212  1.44772e+00
 16 -0.00270  8.15621e-01 | 17 -0.00295  8.56916e-01 | 18 -0.00374  2.73494e-01
 19 -0.00489 -5.70351e-01 | 20 -0.00594 -2.58237e-01 | 21 -0.00722  2.03302e-01
 22 -0.00859  1.05692e-01 | 23 -0.01317  8.87219e-03 | 24 -0.01799 -2.29667e+00
 25 -0.02182 -1.84719e+00 | 26 -0.00257  7.27448e+00 | 27  0.01025  2.50391e+00
 28  0.01880 -3.97758e+00 | 29 -0.00296  5.11358e-01 | 30 -0.00145  1.16274e+00
 31 -0.00556 -5.77919e-01 | 32 -0.00792 -3.66606e+00 | 33 -0.00494  2.22305e+00
 34 -0.00666  3.78811e+00 | 35 -0.01003  2.18613e-01 | 36 -0.00701  5.89076e+00
 37 -0.01461 -8.77787e-01 | 38 -0.02069 -1.19412e+00 | 39 -0.02171 -1.55798e+00
 40 -0.03213  4.56914e+00 | 41 -0.09872  1.65671e-02 | 42  0.08756 -2.72119e+00
 43 -0.00877  6.45876e+00 | 44  0.00595 -3.67878e+00 | 45  0.01339 -1.58370e+00
 46  0.02608 -3.70966e+00 | 47  0.09970 -3.62745e-01 | 48 -0.06956  3.31226e+00
 49 -0.02093  5.75618e+00 | 50 -0.03193 -1.87068e+00 | 51  0.00061 -6.12443e-01
 52 -0.00166 -1.99855e+00 | 53  0.00083 -2.82289e+00 | 54  0.00324 -4.92959e+00
 55  0.01327  1.08429e+00 | 56  0.05922  3.04123e+00 | 57 -0.05814  4.19742e+00
 58 -0.01458  1.19864e+00 | 59 -0.05562  3.23727e+00 | 60  0.03797  1.83860e+00
 61 -0.02484 -6.43018e+00 | 62 -0.00820 -2.67597e+00 | 63 -0.00809 -1.36470e-01
 64 -0.01271 -3.13840e+00 | 65 -0.01880 -5.77553e+00 | 66 -0.03481  2.29137e+00
 67 -0.05166 -1.91827e+00 | 68 -0.09129  2.47257e+00 | 69  0.06313  4.86814e+00
 70 -0.10394 -6.26142e+00 | 71 -0.00978 -2.72199e+00 | 72 -0.00992  6.77828e+00
 73 -0.00998  9.85323e+00 | 74 -0.01691 -3.52740e+00 | 75 -0.01594 -5.37703e+00
 76 -0.01422 -2.37361e+00 | 77 -0.01244  1.12666e+00 | 78  0.44269  1.01254e+02
 79  0.06553 -1.66846e+02 |
79 variables; iteration 80; function evaluation 141; phase 3
Function value 1.8304627e+02; maximum gradient component mag -1.5411e+02
Var    Value     Gradient |Var    Value     Gradient |Var    Value     Gradient
  1 -0.55280 -1.54107e+02 |  2  0.00013 -5.98898e-01 |  3 -0.00176  6.24742e-01
  4 -0.00212  2.16443e-01 |  5 -0.00149  1.31781e+00 |  6 -0.00255 -2.35818e-01
  7 -0.00310 -1.03635e+00 |  8 -0.00202  7.28528e-01 |  9 -0.00209  7.95353e-01
 10 -0.00262  8.61279e-02 | 11 -0.00289 -7.75913e-02 | 12 -0.00258  4.58220e-01
 13 -0.00385 -1.16446e+00 | 14 -0.00339 -5.49432e-01 | 15 -0.00275  5.63578e-01
 16 -0.00380 -7.18472e-01 | 17 -0.00340  3.58563e-01 | 18 -0.00341  9.36052e-01
 19 -0.00539 -1.30707e+00 | 20 -0.00645 -1.19176e+00 | 21 -0.00699  2.75530e-01
 22 -0.00871 -4.60456e-01 | 23 -0.01215  1.16353e+00 | 24 -0.01617 -2.17256e-01
 25 -0.01949 -6.65600e-01 | 26 -0.00199 -4.56154e-01 | 27  0.00846  1.98878e-01
 28  0.01452 -2.18892e-01 | 29 -0.00365 -6.07862e-01 | 30 -0.00209  5.70636e-01
 31 -0.00557  1.72889e-01 | 32 -0.00571  2.76291e-01 | 33 -0.00702 -7.65922e-01
 34 -0.00821  1.16338e+00 | 35 -0.01006 -3.89688e-01 | 36 -0.01047 -2.96019e-01
 37 -0.01397 -7.91141e-01 | 38 -0.01957 -1.88729e-01 | 39 -0.01956 -4.14644e-01
 40 -0.03231 -7.67736e-01 | 41 -0.09701  1.64481e-01 | 42  0.08637  3.65963e-01
 43 -0.01322 -9.90929e-01 | 44  0.00865  5.38277e-02 | 45  0.01397  2.18625e-01
 46  0.02930  1.61267e+00 | 47  0.10404  1.52121e+00 | 48 -0.07005  1.03534e+00
 49 -0.02291 -6.96771e-01 | 50 -0.03479  1.18568e-01 | 51  0.00095 -7.37597e-01
 52 -0.00035  2.02508e-01 | 53  0.00301  1.15910e+00 | 54  0.00598 -8.88570e-01
 55  0.01279 -4.63789e-01 | 56  0.06086  2.70662e-01 | 57 -0.05889  9.65771e-01
 58 -0.01620  2.09415e-01 | 59 -0.05469 -5.79528e-01 | 60  0.03821 -1.71022e+00
 61 -0.02741 -6.13824e+00 | 62 -0.00728 -6.98827e+00 | 63 -0.00947 -1.43076e+01
 64 -0.01336 -2.97501e+01 | 65 -0.02641 -5.62696e+01 | 66 -0.03147 -8.43693e+00
 67 -0.04972  1.08605e+00 | 68 -0.09047  5.02975e-01 | 69  0.06468  1.48090e+00
 70 -0.10183 -5.33106e-01 | 71 -0.00773  5.86147e-01 | 72 -0.01349 -6.29695e-01
 73 -0.01535 -4.03996e-01 | 74 -0.01467 -3.61445e-01 | 75 -0.01285  4.18170e-01
 76 -0.01283  3.03094e-02 | 77 -0.01254  3.70140e-01 | 78  0.42705  2.65223e+01
 79  0.06197 -3.98954e+01 |
79 variables; iteration 100; function evaluation 182; phase 3
Function value 1.8295652e+02; maximum gradient component mag -1.0032e+01
Var    Value     Gradient |Var    Value     Gradient |Var    Value     Gradient
  1 -0.55362 -1.00319e+01 |  2  0.00054  7.29666e-02 |  3 -0.00226 -9.46224e-02
  4 -0.00216  1.07914e-01 |  5 -0.00243 -1.25471e-01 |  6 -0.00242  3.38994e-02
  7 -0.00253 -6.59760e-02 |  8 -0.00251  1.06815e-02 |  9 -0.00259 -4.96437e-03
 10 -0.00268 -3.58566e-02 | 11 -0.00280  3.48935e-02 | 12 -0.00295 -9.99091e-02
 13 -0.00305  9.17380e-02 | 14 -0.00299  7.21979e-02 | 15 -0.00313 -5.58071e-02
 16 -0.00329 -2.23572e-02 | 17 -0.00353  3.81585e-02 | 18 -0.00393  4.24922e-02
 19 -0.00456 -2.08305e-02 | 20 -0.00570  1.86593e-02 | 21 -0.00706  1.54537e-01
 22 -0.00841 -1.37880e-01 | 23 -0.01279 -6.17064e-02 | 24 -0.01589  8.14259e-02
 25 -0.01902 -1.49804e-02 | 26 -0.00128  1.85835e-02 | 27  0.00798 -1.32377e-02
 28  0.01445 -1.01026e-02 | 29 -0.00309  2.53818e-01 | 30 -0.00258 -1.76814e-01
 31 -0.00570 -2.62061e-02 | 32 -0.00586  9.15999e-02 | 33 -0.00655 -8.93082e-02
 34 -0.00896 -6.54288e-02 | 35 -0.00976 -7.08146e-02 | 36 -0.01015  9.93193e-02
 37 -0.01340 -7.16964e-02 | 38 -0.01935 -1.97958e-02 | 39 -0.01906  1.42706e-01
 40 -0.03159 -7.81260e-02 | 41 -0.09736  4.76432e-03 | 42  0.08592 -2.20909e-02
 43 -0.01250  5.80081e-02 | 44  0.00869  2.78595e-02 | 45  0.01408 -1.32516e-02
 46  0.02836 -3.70466e-02 | 47  0.10495  9.50988e-04 | 48 -0.07077 -3.20577e-02
 49 -0.02325  3.62075e-03 | 50 -0.03524 -2.15248e-02 | 51  0.00158  7.38496e-02
 52 -0.00033 -1.74774e-02 | 53  0.00235 -6.35345e-02 | 54  0.00686  6.63268e-02
 55  0.01315  2.04015e-02 | 56  0.06155 -5.42762e-03 | 57 -0.05961 -4.87618e-02
 58 -0.01633 -3.16029e-02 | 59 -0.05422 -1.49008e-02 | 60  0.03740 -1.87680e-01
 61 -0.02668 -1.89506e-01 | 62 -0.00798 -5.12118e-01 | 63 -0.01040 -1.01766e+00
 64 -0.01438 -1.86067e+00 | 65 -0.02032 -2.53169e+00 | 66 -0.03770 -1.28480e+00
 67 -0.04953 -8.36994e-03 | 68 -0.09193  1.42450e-02 | 69  0.06283 -1.39798e-02
 70 -0.10337  1.86483e-02 | 71 -0.00852 -4.86482e-02 | 72 -0.01366  2.03728e-02
 73 -0.01571 -2.38342e-02 | 74 -0.01483  2.47405e-02 | 75 -0.01343  7.44117e-03
 76 -0.01303  6.92781e-02 | 77 -0.01305 -4.81118e-02 | 78  0.42418  7.46649e-01
 79  0.06097 -1.85540e+00 |

 - final statistics:
79 variables; iteration 108; function evaluation 191
Function value 1.8296e+02; maximum gradient component mag 9.1271e-05
Exit code = 1;  converg criter 1.0000e-04
Var    Value     Gradient |Var    Value     Gradient |Var    Value     Gradient
  1 -0.55358  9.12711e-05 |  2  0.00049  2.13870e-07 |  3 -0.00219 -5.94356e-07
  4 -0.00223  3.09224e-07 |  5 -0.00234 -1.01322e-07 |  6 -0.00245 -8.39669e-08
  7 -0.00249  1.77391e-08 |  8 -0.00251 -1.69802e-08 |  9 -0.00258  3.45125e-08
 10 -0.00266 -1.61092e-07 | 11 -0.00282 -1.06180e-07 | 12 -0.00289 -9.17090e-08
 13 -0.00311 -2.02667e-07 | 14 -0.00304 -1.08273e-07 | 15 -0.00310  1.05896e-07
 16 -0.00328  1.08717e-08 | 17 -0.00356 -1.89902e-07 | 18 -0.00396 -9.53306e-08
 19 -0.00455  1.42535e-07 | 20 -0.00571  3.85804e-07 | 21 -0.00715  1.59431e-07
 22 -0.00832  9.24525e-08 | 23 -0.01275 -1.59979e-07 | 24 -0.01594 -4.17224e-08
 25 -0.01901  2.41718e-07 | 26 -0.00129 -6.71798e-07 | 27  0.00799 -7.95870e-08
 28  0.01444  2.65245e-07 | 29 -0.00326 -2.34796e-07 | 30 -0.00246 -4.58099e-08
 31 -0.00568 -1.77422e-07 | 32 -0.00592  4.94000e-08 | 33 -0.00649 -2.41393e-07
 34 -0.00893 -2.24103e-07 | 35 -0.00971 -1.53399e-07 | 36 -0.01021 -5.86172e-07
 37 -0.01336 -7.09417e-08 | 38 -0.01934 -6.26842e-07 | 39 -0.01915 -6.70263e-07
 40 -0.03154 -1.48845e-06 | 41 -0.09735 -6.36013e-07 | 42  0.08594  1.53226e-06
 43 -0.01253 -2.81484e-07 | 44  0.00867  2.29601e-07 | 45  0.01408  2.59051e-08
 46  0.02839  3.44850e-07 | 47  0.10494  5.21430e-07 | 48 -0.07074 -5.57486e-07
 49 -0.02324 -1.93339e-06 | 50 -0.03524  2.77180e-07 | 51  0.00153  6.38815e-07
 52 -0.00033  3.28151e-07 | 53  0.00239 -1.34172e-07 | 54  0.00680  2.48210e-07
 55  0.01314 -7.28158e-08 | 56  0.06154 -6.18735e-07 | 57 -0.05959 -2.86703e-07
 58 -0.01634  1.46992e-06 | 59 -0.05424  5.37480e-07 | 60  0.03741  1.54703e-06
 61 -0.02671  1.85179e-06 | 62 -0.00798  4.68714e-06 | 63 -0.01037  8.62274e-06
 64 -0.01430  1.69228e-05 | 65 -0.02055  2.69402e-05 | 66 -0.03750  9.68225e-06
 67 -0.04954  8.01373e-07 | 68 -0.09190  8.16580e-07 | 69  0.06288  1.23071e-06
 70 -0.10334 -2.48398e-07 | 71 -0.00848  9.46774e-08 | 72 -0.01366 -2.15545e-07
 73 -0.01567 -8.78563e-07 | 74 -0.01484  2.05513e-07 | 75 -0.01342  2.15186e-07
 76 -0.01306  3.81277e-08 | 77 -0.01301 -2.75469e-07 | 78  0.42420 -6.33884e-06
 79  0.06099  1.79385e-05 |
Estimating row 1 out of 79 for hessian
Estimating row 2 out of 79 for hessian
Estimating row 3 out of 79 for hessian
Estimating row 4 out of 79 for hessian
Estimating row 5 out of 79 for hessian
Estimating row 6 out of 79 for hessian
Estimating row 7 out of 79 for hessian
Estimating row 8 out of 79 for hessian
Estimating row 9 out of 79 for hessian
Estimating row 10 out of 79 for hessian
Estimating row 11 out of 79 for hessian
Estimating row 12 out of 79 for hessian
Estimating row 13 out of 79 for hessian
Estimating row 14 out of 79 for hessian
Estimating row 15 out of 79 for hessian
Estimating row 16 out of 79 for hessian
Estimating row 17 out of 79 for hessian
Estimating row 18 out of 79 for hessian
Estimating row 19 out of 79 for hessian
Estimating row 20 out of 79 for hessian
Estimating row 21 out of 79 for hessian
Estimating row 22 out of 79 for hessian
Estimating row 23 out of 79 for hessian
Estimating row 24 out of 79 for hessian
Estimating row 25 out of 79 for hessian
Estimating row 26 out of 79 for hessian
Estimating row 27 out of 79 for hessian
Estimating row 28 out of 79 for hessian
Estimating row 29 out of 79 for hessian
Estimating row 30 out of 79 for hessian
Estimating row 31 out of 79 for hessian
Estimating row 32 out of 79 for hessian
Estimating row 33 out of 79 for hessian
Estimating row 34 out of 79 for hessian
Estimating row 35 out of 79 for hessian
Estimating row 36 out of 79 for hessian
Estimating row 37 out of 79 for hessian
Estimating row 38 out of 79 for hessian
Estimating row 39 out of 79 for hessian
Estimating row 40 out of 79 for hessian
Estimating row 41 out of 79 for hessian
Estimating row 42 out of 79 for hessian
Estimating row 43 out of 79 for hessian
Estimating row 44 out of 79 for hessian
Estimating row 45 out of 79 for hessian
Estimating row 46 out of 79 for hessian
Estimating row 47 out of 79 for hessian
Estimating row 48 out of 79 for hessian
Estimating row 49 out of 79 for hessian
Estimating row 50 out of 79 for hessian
Estimating row 51 out of 79 for hessian
Estimating row 52 out of 79 for hessian
Estimating row 53 out of 79 for hessian
Estimating row 54 out of 79 for hessian
Estimating row 55 out of 79 for hessian
Estimating row 56 out of 79 for hessian
Estimating row 57 out of 79 for hessian
Estimating row 58 out of 79 for hessian
Estimating row 59 out of 79 for hessian
Estimating row 60 out of 79 for hessian
Estimating row 61 out of 79 for hessian
Estimating row 62 out of 79 for hessian
Estimating row 63 out of 79 for hessian
Estimating row 64 out of 79 for hessian
Estimating row 65 out of 79 for hessian
Estimating row 66 out of 79 for hessian
Estimating row 67 out of 79 for hessian
Estimating row 68 out of 79 for hessian
Estimating row 69 out of 79 for hessian
Estimating row 70 out of 79 for hessian
Estimating row 71 out of 79 for hessian
Estimating row 72 out of 79 for hessian
Estimating row 73 out of 79 for hessian
Estimating row 74 out of 79 for hessian
Estimating row 75 out of 79 for hessian
Estimating row 76 out of 79 for hessian
Estimating row 77 out of 79 for hessian
Estimating row 78 out of 79 for hessian
Estimating row 79 out of 79 for hessian
size of file gradfil1.tmp = 0
size of file gradfil2.tmp = 0
size of file varssave.tmp = 0
size of file cmpdiff.tmp = 0
